<?xml version="1.0" encoding="UTF-8"?>
<coverage generated="1581466802362" clover="3.2.0">
  <project timestamp="1581466802363" name="All files">
    <metrics statements="33" coveredstatements="33" conditionals="1" coveredconditionals="0" methods="18" coveredmethods="18" elements="52" coveredelements="51" complexity="0" loc="33" ncloc="33" packages="1" files="7" classes="7"/>
    <file name="Calculator.js" path="C:\Users\tommy\Documents\School\is 219\Individual project\wenjie_zhang_is_219_assignment1\Calculator.js">
      <metrics statements="8" coveredstatements="8" conditionals="0" coveredconditionals="0" methods="6" coveredmethods="6"/>
      <line num="2" count="1" type="stmt"/>
      <line num="6" count="1" type="stmt"/>
      <line num="9" count="1" type="stmt"/>
      <line num="12" count="1" type="stmt"/>
      <line num="15" count="1" type="stmt"/>
      <line num="18" count="1" type="stmt"/>
      <line num="21" count="1" type="stmt"/>
      <line num="24" count="1" type="stmt"/>
    </file>
    <file name="MathOperation.js" path="C:\Users\tommy\Documents\School\is 219\Individual project\wenjie_zhang_is_219_assignment1\MathOperation.js">
      <metrics statements="15" coveredstatements="15" conditionals="1" coveredconditionals="0" methods="7" coveredmethods="7"/>
      <line num="1" count="1" type="stmt"/>
      <line num="2" count="1" type="stmt"/>
      <line num="3" count="1" type="stmt"/>
      <line num="4" count="1" type="stmt"/>
      <line num="5" count="1" type="stmt"/>
      <line num="9" count="1" type="stmt"/>
      <line num="12" count="1" type="stmt"/>
      <line num="15" count="1" type="stmt"/>
      <line num="18" count="1" type="stmt"/>
      <line num="19" count="1" type="stmt"/>
      <line num="20" count="4" type="stmt"/>
      <line num="22" count="1" type="stmt"/>
      <line num="25" count="1" type="stmt"/>
      <line num="28" count="1" type="stmt"/>
      <line num="33" count="1" type="stmt"/>
    </file>
    <file name="divide.js" path="C:\Users\tommy\Documents\School\is 219\Individual project\wenjie_zhang_is_219_assignment1\divide.js">
      <metrics statements="2" coveredstatements="2" conditionals="0" coveredconditionals="0" methods="1" coveredmethods="1"/>
      <line num="2" count="2" type="stmt"/>
      <line num="4" count="2" type="stmt"/>
    </file>
    <file name="multiply.js" path="C:\Users\tommy\Documents\School\is 219\Individual project\wenjie_zhang_is_219_assignment1\multiply.js">
      <metrics statements="2" coveredstatements="2" conditionals="0" coveredconditionals="0" methods="1" coveredmethods="1"/>
      <line num="2" count="2" type="stmt"/>
      <line num="4" count="2" type="stmt"/>
    </file>
    <file name="square.js" path="C:\Users\tommy\Documents\School\is 219\Individual project\wenjie_zhang_is_219_assignment1\square.js">
      <metrics statements="2" coveredstatements="2" conditionals="0" coveredconditionals="0" methods="1" coveredmethods="1"/>
      <line num="2" count="2" type="stmt"/>
      <line num="4" count="2" type="stmt"/>
    </file>
    <file name="squareRoot.js" path="C:\Users\tommy\Documents\School\is 219\Individual project\wenjie_zhang_is_219_assignment1\squareRoot.js">
      <metrics statements="2" coveredstatements="2" conditionals="0" coveredconditionals="0" methods="1" coveredmethods="1"/>
      <line num="2" count="2" type="stmt"/>
      <line num="4" count="2" type="stmt"/>
    </file>
    <file name="sum.js" path="C:\Users\tommy\Documents\School\is 219\Individual project\wenjie_zhang_is_219_assignment1\sum.js">
      <metrics statements="2" coveredstatements="2" conditionals="0" coveredconditionals="0" methods="1" coveredmethods="1"/>
      <line num="2" count="6" type="stmt"/>
      <line num="4" count="2" type="stmt"/>
    </file>
  </project>
</coverage>
